[Thu, 31 Mar 2011 01:25:35 GMT] INFO master started
[Thu, 31 Mar 2011 01:25:35 GMT] INFO spawned worker 0
[Thu, 31 Mar 2011 01:25:35 GMT] INFO spawned worker 1
[Thu, 31 Mar 2011 01:25:35 GMT] INFO spawned worker 2
[Thu, 31 Mar 2011 01:25:35 GMT] INFO spawned worker 3
[Thu, 31 Mar 2011 01:25:37 GMT] ERROR worker 1 died
[Thu, 31 Mar 2011 01:25:37 GMT] INFO spawned worker 1
[Thu, 31 Mar 2011 01:25:37 GMT] ERROR worker 3 died
[Thu, 31 Mar 2011 01:25:37 GMT] INFO spawned worker 3
[Thu, 31 Mar 2011 01:25:37 GMT] ERROR worker 0 died
[Thu, 31 Mar 2011 01:25:37 GMT] INFO spawned worker 0
[Thu, 31 Mar 2011 01:25:37 GMT] ERROR worker 2 died
[Thu, 31 Mar 2011 01:25:37 GMT] INFO spawned worker 2
[Thu, 31 Mar 2011 01:25:38 GMT] ERROR worker 0 died
[Thu, 31 Mar 2011 01:25:38 GMT] INFO spawned worker 0
[Thu, 31 Mar 2011 01:25:38 GMT] ERROR worker 1 died
[Thu, 31 Mar 2011 01:25:38 GMT] INFO spawned worker 1
[Thu, 31 Mar 2011 01:25:38 GMT] ERROR worker 3 died
[Thu, 31 Mar 2011 01:25:38 GMT] INFO spawned worker 3
[Thu, 31 Mar 2011 01:25:38 GMT] ERROR worker 2 died
[Thu, 31 Mar 2011 01:25:38 GMT] INFO spawned worker 2
[Thu, 31 Mar 2011 01:25:39 GMT] ERROR worker 1 died
[Thu, 31 Mar 2011 01:25:39 GMT] INFO spawned worker 1
[Thu, 31 Mar 2011 01:25:39 GMT] ERROR worker 3 died
[Thu, 31 Mar 2011 01:25:39 GMT] INFO spawned worker 3
[Thu, 31 Mar 2011 01:25:39 GMT] ERROR worker 0 died
[Thu, 31 Mar 2011 01:25:39 GMT] INFO spawned worker 0
[Thu, 31 Mar 2011 01:25:39 GMT] ERROR worker 2 died
[Thu, 31 Mar 2011 01:25:39 GMT] INFO spawned worker 2
[Thu, 31 Mar 2011 01:25:39 GMT] ERROR worker 1 died
[Thu, 31 Mar 2011 01:25:39 GMT] INFO spawned worker 1
[Thu, 31 Mar 2011 01:25:39 GMT] ERROR worker 0 died
[Thu, 31 Mar 2011 01:25:39 GMT] INFO spawned worker 0
[Thu, 31 Mar 2011 01:25:39 GMT] ERROR worker 3 died
[Thu, 31 Mar 2011 01:25:39 GMT] INFO spawned worker 3
[Thu, 31 Mar 2011 01:25:39 GMT] ERROR worker 2 died
[Thu, 31 Mar 2011 01:25:39 GMT] INFO spawned worker 2
[Thu, 31 Mar 2011 01:25:40 GMT] ERROR worker 3 died
[Thu, 31 Mar 2011 01:25:40 GMT] INFO spawned worker 3
[Thu, 31 Mar 2011 01:25:40 GMT] ERROR worker 1 died
[Thu, 31 Mar 2011 01:25:40 GMT] INFO spawned worker 1
[Thu, 31 Mar 2011 01:25:40 GMT] ERROR worker 0 died
[Thu, 31 Mar 2011 01:25:40 GMT] INFO spawned worker 0
[Thu, 31 Mar 2011 01:27:12 GMT] INFO master started
[Thu, 31 Mar 2011 01:27:12 GMT] INFO spawned worker 0
[Thu, 31 Mar 2011 01:27:12 GMT] INFO spawned worker 1
[Thu, 31 Mar 2011 01:27:12 GMT] INFO spawned worker 2
[Thu, 31 Mar 2011 01:27:12 GMT] INFO spawned worker 3
[Thu, 31 Mar 2011 01:27:12 GMT] ERROR worker 0 died
[Thu, 31 Mar 2011 01:27:12 GMT] INFO spawned worker 0
[Thu, 31 Mar 2011 01:27:12 GMT] ERROR worker 2 died
[Thu, 31 Mar 2011 01:27:12 GMT] INFO spawned worker 2
[Thu, 31 Mar 2011 01:27:12 GMT] ERROR worker 3 died
[Thu, 31 Mar 2011 01:27:12 GMT] INFO spawned worker 3
[Thu, 31 Mar 2011 01:27:12 GMT] ERROR worker 1 died
[Thu, 31 Mar 2011 01:27:12 GMT] INFO spawned worker 1
[Thu, 31 Mar 2011 01:27:12 GMT] ERROR worker 0 died
[Thu, 31 Mar 2011 01:27:12 GMT] INFO spawned worker 0
[Thu, 31 Mar 2011 01:27:12 GMT] ERROR worker 2 died
[Thu, 31 Mar 2011 01:27:12 GMT] INFO spawned worker 2
[Thu, 31 Mar 2011 01:27:12 GMT] ERROR worker 1 died
[Thu, 31 Mar 2011 01:27:12 GMT] INFO spawned worker 1
[Thu, 31 Mar 2011 01:27:12 GMT] ERROR worker 3 died
[Thu, 31 Mar 2011 01:27:12 GMT] INFO spawned worker 3
[Thu, 31 Mar 2011 01:27:12 GMT] ERROR worker 0 died
[Thu, 31 Mar 2011 01:27:12 GMT] INFO spawned worker 0
[Thu, 31 Mar 2011 01:27:12 GMT] ERROR worker 2 died
[Thu, 31 Mar 2011 01:27:12 GMT] INFO spawned worker 2
[Thu, 31 Mar 2011 01:27:12 GMT] ERROR worker 1 died
[Thu, 31 Mar 2011 01:27:12 GMT] INFO spawned worker 1
[Thu, 31 Mar 2011 01:27:12 GMT] ERROR worker 3 died
[Thu, 31 Mar 2011 01:27:12 GMT] INFO spawned worker 3
[Thu, 31 Mar 2011 01:27:12 GMT] ERROR worker 2 died
[Thu, 31 Mar 2011 01:27:13 GMT] INFO spawned worker 2
[Thu, 31 Mar 2011 01:27:13 GMT] ERROR worker 1 died
[Thu, 31 Mar 2011 01:27:13 GMT] INFO spawned worker 1
[Thu, 31 Mar 2011 01:27:13 GMT] ERROR worker 0 died
[Thu, 31 Mar 2011 01:27:13 GMT] INFO spawned worker 0
[Thu, 31 Mar 2011 01:27:13 GMT] ERROR worker 3 died
[Thu, 31 Mar 2011 01:27:13 GMT] INFO spawned worker 3
[Thu, 31 Mar 2011 01:27:13 GMT] ERROR worker 2 died
[Thu, 31 Mar 2011 01:27:13 GMT] INFO spawned worker 2
[Thu, 31 Mar 2011 01:27:13 GMT] ERROR worker 1 died
[Thu, 31 Mar 2011 01:27:13 GMT] INFO spawned worker 1
[Thu, 31 Mar 2011 01:27:13 GMT] ERROR worker 3 died
[Thu, 31 Mar 2011 01:27:31 GMT] INFO master started
[Thu, 31 Mar 2011 01:27:31 GMT] INFO spawned worker 0
[Thu, 31 Mar 2011 01:27:31 GMT] INFO spawned worker 1
[Thu, 31 Mar 2011 01:27:31 GMT] INFO spawned worker 2
[Thu, 31 Mar 2011 01:27:31 GMT] INFO spawned worker 3
[Thu, 31 Mar 2011 01:27:49 GMT] WARNING shutting down master
[Thu, 31 Mar 2011 01:27:49 GMT] WARNING sent kill(SIGKILL) to all workers
[Thu, 31 Mar 2011 01:28:33 GMT] INFO master started
[Thu, 31 Mar 2011 01:28:33 GMT] INFO spawned worker 0
[Thu, 31 Mar 2011 01:28:33 GMT] INFO spawned worker 1
[Thu, 31 Mar 2011 01:28:33 GMT] INFO spawned worker 2
[Thu, 31 Mar 2011 01:28:33 GMT] INFO spawned worker 3
[Thu, 31 Mar 2011 01:28:41 GMT] WARNING shutting down master
[Thu, 31 Mar 2011 01:29:10 GMT] INFO master started
[Thu, 31 Mar 2011 01:29:10 GMT] INFO spawned worker 0
[Thu, 31 Mar 2011 01:29:10 GMT] INFO spawned worker 1
[Thu, 31 Mar 2011 01:29:10 GMT] INFO spawned worker 2
[Thu, 31 Mar 2011 01:29:10 GMT] INFO spawned worker 3
[Thu, 31 Mar 2011 01:51:32 GMT] WARNING shutting down master
[Thu, 31 Mar 2011 01:51:32 GMT] WARNING sent kill(SIGKILL) to all workers
[Thu, 31 Mar 2011 01:51:32 GMT] ERROR worker 1 died
[Thu, 31 Mar 2011 01:57:55 GMT] INFO master started
[Thu, 31 Mar 2011 01:57:55 GMT] INFO spawned worker 0
[Thu, 31 Mar 2011 01:57:55 GMT] INFO spawned worker 1
[Thu, 31 Mar 2011 01:57:55 GMT] INFO spawned worker 2
[Thu, 31 Mar 2011 01:57:55 GMT] INFO spawned worker 3
[Thu, 31 Mar 2011 01:57:56 GMT] ERROR worker 0 died
[Thu, 31 Mar 2011 01:57:56 GMT] INFO spawned worker 0
[Thu, 31 Mar 2011 01:57:56 GMT] ERROR worker 2 died
[Thu, 31 Mar 2011 01:57:56 GMT] INFO spawned worker 2
[Thu, 31 Mar 2011 01:57:56 GMT] ERROR worker 3 died
[Thu, 31 Mar 2011 01:57:56 GMT] INFO spawned worker 3
[Thu, 31 Mar 2011 01:57:56 GMT] ERROR worker 1 died
[Thu, 31 Mar 2011 01:57:56 GMT] INFO spawned worker 1
[Thu, 31 Mar 2011 01:57:57 GMT] ERROR worker 2 died
[Thu, 31 Mar 2011 01:57:57 GMT] INFO spawned worker 2
[Thu, 31 Mar 2011 01:57:57 GMT] ERROR worker 1 died
[Thu, 31 Mar 2011 01:57:57 GMT] INFO spawned worker 1
[Thu, 31 Mar 2011 01:57:57 GMT] ERROR worker 3 died
[Thu, 31 Mar 2011 01:57:57 GMT] INFO spawned worker 3
[Thu, 31 Mar 2011 01:57:57 GMT] ERROR worker 0 died
[Thu, 31 Mar 2011 01:57:57 GMT] INFO spawned worker 0
[Thu, 31 Mar 2011 01:57:57 GMT] ERROR worker 3 died
[Thu, 31 Mar 2011 01:57:57 GMT] INFO spawned worker 3
[Thu, 31 Mar 2011 01:57:57 GMT] ERROR worker 2 died
[Thu, 31 Mar 2011 01:57:57 GMT] INFO spawned worker 2
[Thu, 31 Mar 2011 01:57:57 GMT] ERROR worker 1 died
[Thu, 31 Mar 2011 01:57:57 GMT] INFO spawned worker 1
[Thu, 31 Mar 2011 01:57:57 GMT] ERROR worker 0 died
[Thu, 31 Mar 2011 01:57:57 GMT] INFO spawned worker 0
[Thu, 31 Mar 2011 01:57:58 GMT] ERROR worker 0 died
[Thu, 31 Mar 2011 01:57:58 GMT] INFO spawned worker 0
[Thu, 31 Mar 2011 01:57:58 GMT] ERROR worker 2 died
[Thu, 31 Mar 2011 01:57:58 GMT] INFO spawned worker 2
[Thu, 31 Mar 2011 01:57:58 GMT] ERROR worker 1 died
[Thu, 31 Mar 2011 01:57:58 GMT] INFO spawned worker 1
[Thu, 31 Mar 2011 01:57:58 GMT] ERROR worker 3 died
[Thu, 31 Mar 2011 01:57:58 GMT] INFO spawned worker 3
[Thu, 31 Mar 2011 01:57:58 GMT] ERROR worker 0 died
[Thu, 31 Mar 2011 01:57:58 GMT] INFO spawned worker 0
[Thu, 31 Mar 2011 01:57:58 GMT] ERROR worker 2 died
[Thu, 31 Mar 2011 01:57:58 GMT] INFO spawned worker 2
[Thu, 31 Mar 2011 01:57:58 GMT] ERROR worker 3 died
[Thu, 31 Mar 2011 01:57:58 GMT] INFO spawned worker 3
[Thu, 31 Mar 2011 02:00:09 GMT] INFO master started
[Thu, 31 Mar 2011 02:00:09 GMT] INFO spawned worker 0
[Thu, 31 Mar 2011 02:00:09 GMT] INFO spawned worker 1
[Thu, 31 Mar 2011 02:00:09 GMT] INFO spawned worker 2
[Thu, 31 Mar 2011 02:00:09 GMT] INFO spawned worker 3
[Thu, 31 Mar 2011 02:00:10 GMT] ERROR worker 2 died
[Thu, 31 Mar 2011 02:00:10 GMT] INFO spawned worker 2
[Thu, 31 Mar 2011 02:00:10 GMT] ERROR worker 3 died
[Thu, 31 Mar 2011 02:00:10 GMT] INFO spawned worker 3
[Thu, 31 Mar 2011 02:00:10 GMT] ERROR worker 0 died
[Thu, 31 Mar 2011 02:00:10 GMT] INFO spawned worker 0
[Thu, 31 Mar 2011 02:00:10 GMT] ERROR worker 1 died
[Thu, 31 Mar 2011 02:00:10 GMT] INFO spawned worker 1
[Thu, 31 Mar 2011 02:00:10 GMT] ERROR worker 2 died
[Thu, 31 Mar 2011 02:00:10 GMT] INFO spawned worker 2
[Thu, 31 Mar 2011 02:00:10 GMT] ERROR worker 3 died
[Thu, 31 Mar 2011 02:00:10 GMT] INFO spawned worker 3
[Thu, 31 Mar 2011 02:00:10 GMT] ERROR worker 0 died
[Thu, 31 Mar 2011 02:00:10 GMT] INFO spawned worker 0
[Thu, 31 Mar 2011 02:00:10 GMT] ERROR worker 1 died
[Thu, 31 Mar 2011 02:00:10 GMT] INFO spawned worker 1
[Thu, 31 Mar 2011 02:00:11 GMT] ERROR worker 2 died
[Thu, 31 Mar 2011 02:00:11 GMT] INFO spawned worker 2
[Thu, 31 Mar 2011 02:00:11 GMT] ERROR worker 0 died
[Thu, 31 Mar 2011 02:00:11 GMT] INFO spawned worker 0
[Thu, 31 Mar 2011 02:00:11 GMT] ERROR worker 1 died
[Thu, 31 Mar 2011 02:00:11 GMT] INFO spawned worker 1
[Thu, 31 Mar 2011 02:00:11 GMT] ERROR worker 3 died
[Thu, 31 Mar 2011 02:00:11 GMT] INFO spawned worker 3
[Thu, 31 Mar 2011 02:00:11 GMT] ERROR worker 2 died
[Thu, 31 Mar 2011 02:00:11 GMT] INFO spawned worker 2
[Thu, 31 Mar 2011 02:00:11 GMT] ERROR worker 3 died
[Thu, 31 Mar 2011 02:00:11 GMT] INFO spawned worker 3
[Thu, 31 Mar 2011 02:00:11 GMT] ERROR worker 1 died
[Thu, 31 Mar 2011 02:00:11 GMT] INFO spawned worker 1
[Thu, 31 Mar 2011 02:00:11 GMT] ERROR worker 0 died
[Thu, 31 Mar 2011 02:00:11 GMT] INFO spawned worker 0
[Thu, 31 Mar 2011 02:00:12 GMT] ERROR worker 2 died
[Thu, 31 Mar 2011 02:00:12 GMT] INFO spawned worker 2
[Thu, 31 Mar 2011 02:00:12 GMT] ERROR worker 3 died
[Thu, 31 Mar 2011 02:00:12 GMT] INFO spawned worker 3
[Thu, 31 Mar 2011 02:00:12 GMT] ERROR worker 1 died
[Thu, 31 Mar 2011 02:00:12 GMT] INFO spawned worker 1
[Thu, 31 Mar 2011 02:11:15 GMT] INFO master started
[Thu, 31 Mar 2011 02:11:15 GMT] INFO spawned worker 0
[Thu, 31 Mar 2011 02:11:15 GMT] INFO spawned worker 1
[Thu, 31 Mar 2011 02:11:15 GMT] INFO spawned worker 2
[Thu, 31 Mar 2011 02:11:15 GMT] INFO spawned worker 3
[Thu, 31 Mar 2011 02:11:15 GMT] ERROR worker 0 died
[Thu, 31 Mar 2011 02:11:15 GMT] INFO spawned worker 0
[Thu, 31 Mar 2011 02:11:15 GMT] ERROR worker 2 died
[Thu, 31 Mar 2011 02:11:15 GMT] INFO spawned worker 2
[Thu, 31 Mar 2011 02:11:15 GMT] ERROR worker 3 died
[Thu, 31 Mar 2011 02:11:15 GMT] INFO spawned worker 3
[Thu, 31 Mar 2011 02:11:15 GMT] ERROR worker 1 died
[Thu, 31 Mar 2011 02:11:15 GMT] INFO spawned worker 1
[Thu, 31 Mar 2011 02:11:16 GMT] ERROR worker 0 died
[Thu, 31 Mar 2011 02:11:16 GMT] INFO spawned worker 0
[Thu, 31 Mar 2011 02:11:16 GMT] ERROR worker 1 died
[Thu, 31 Mar 2011 02:11:16 GMT] INFO spawned worker 1
[Thu, 31 Mar 2011 02:11:16 GMT] ERROR worker 2 died
[Thu, 31 Mar 2011 02:11:16 GMT] INFO spawned worker 2
[Thu, 31 Mar 2011 02:11:16 GMT] ERROR worker 3 died
[Thu, 31 Mar 2011 02:11:16 GMT] INFO spawned worker 3
[Thu, 31 Mar 2011 02:11:16 GMT] ERROR worker 1 died
[Thu, 31 Mar 2011 02:11:16 GMT] INFO spawned worker 1
[Thu, 31 Mar 2011 02:11:16 GMT] ERROR worker 0 died
[Thu, 31 Mar 2011 02:11:16 GMT] INFO spawned worker 0
[Thu, 31 Mar 2011 02:11:16 GMT] ERROR worker 2 died
[Thu, 31 Mar 2011 02:11:16 GMT] INFO spawned worker 2
[Thu, 31 Mar 2011 02:11:16 GMT] ERROR worker 3 died
[Thu, 31 Mar 2011 02:11:17 GMT] INFO spawned worker 3
[Thu, 31 Mar 2011 02:11:17 GMT] ERROR worker 1 died
[Thu, 31 Mar 2011 02:11:17 GMT] INFO spawned worker 1
[Thu, 31 Mar 2011 02:11:17 GMT] ERROR worker 0 died
[Thu, 31 Mar 2011 02:11:17 GMT] INFO spawned worker 0
[Thu, 31 Mar 2011 02:11:17 GMT] ERROR worker 2 died
[Thu, 31 Mar 2011 02:11:17 GMT] INFO spawned worker 2
[Thu, 31 Mar 2011 02:11:17 GMT] ERROR worker 3 died
[Thu, 31 Mar 2011 02:11:17 GMT] INFO spawned worker 3
[Thu, 31 Mar 2011 02:11:18 GMT] ERROR worker 0 died
[Thu, 31 Mar 2011 02:11:18 GMT] INFO spawned worker 0
[Thu, 31 Mar 2011 02:11:18 GMT] ERROR worker 1 died
[Thu, 31 Mar 2011 02:12:49 GMT] INFO master started
[Thu, 31 Mar 2011 02:12:49 GMT] INFO spawned worker 0
[Thu, 31 Mar 2011 02:12:49 GMT] INFO spawned worker 1
[Thu, 31 Mar 2011 02:12:49 GMT] INFO spawned worker 2
[Thu, 31 Mar 2011 02:12:49 GMT] INFO spawned worker 3
[Thu, 31 Mar 2011 02:12:50 GMT] ERROR worker 2 died
[Thu, 31 Mar 2011 02:12:50 GMT] INFO spawned worker 2
[Thu, 31 Mar 2011 02:12:50 GMT] ERROR worker 0 died
[Thu, 31 Mar 2011 02:12:50 GMT] INFO spawned worker 0
[Thu, 31 Mar 2011 02:12:50 GMT] ERROR worker 1 died
[Thu, 31 Mar 2011 02:12:50 GMT] INFO spawned worker 1
[Thu, 31 Mar 2011 02:12:50 GMT] ERROR worker 3 died
[Thu, 31 Mar 2011 02:12:50 GMT] INFO spawned worker 3
[Thu, 31 Mar 2011 02:12:50 GMT] ERROR worker 0 died
[Thu, 31 Mar 2011 02:12:50 GMT] INFO spawned worker 0
[Thu, 31 Mar 2011 02:12:50 GMT] ERROR worker 2 died
[Thu, 31 Mar 2011 02:12:50 GMT] INFO spawned worker 2
[Thu, 31 Mar 2011 02:12:50 GMT] ERROR worker 1 died
[Thu, 31 Mar 2011 02:12:50 GMT] INFO spawned worker 1
[Thu, 31 Mar 2011 02:12:50 GMT] ERROR worker 3 died
[Thu, 31 Mar 2011 02:12:50 GMT] INFO spawned worker 3
[Thu, 31 Mar 2011 02:12:51 GMT] ERROR worker 1 died
[Thu, 31 Mar 2011 02:12:51 GMT] INFO spawned worker 1
[Thu, 31 Mar 2011 02:12:51 GMT] ERROR worker 0 died
[Thu, 31 Mar 2011 02:12:51 GMT] INFO spawned worker 0
[Thu, 31 Mar 2011 02:12:51 GMT] ERROR worker 2 died
[Thu, 31 Mar 2011 02:12:51 GMT] INFO spawned worker 2
[Thu, 31 Mar 2011 02:12:51 GMT] ERROR worker 3 died
[Thu, 31 Mar 2011 02:12:51 GMT] INFO spawned worker 3
[Thu, 31 Mar 2011 02:12:52 GMT] ERROR worker 0 died
[Thu, 31 Mar 2011 02:12:52 GMT] INFO spawned worker 0
[Thu, 31 Mar 2011 02:12:52 GMT] ERROR worker 1 died
[Thu, 31 Mar 2011 02:12:52 GMT] INFO spawned worker 1
[Thu, 31 Mar 2011 02:12:52 GMT] ERROR worker 2 died
[Thu, 31 Mar 2011 02:12:52 GMT] INFO spawned worker 2
[Thu, 31 Mar 2011 02:12:52 GMT] ERROR worker 3 died
[Thu, 31 Mar 2011 02:12:52 GMT] INFO spawned worker 3
[Thu, 31 Mar 2011 02:12:52 GMT] ERROR worker 3 died
[Thu, 31 Mar 2011 02:12:53 GMT] INFO spawned worker 3
[Thu, 31 Mar 2011 02:12:53 GMT] ERROR worker 0 died
[Thu, 31 Mar 2011 02:12:53 GMT] INFO spawned worker 0
[Thu, 31 Mar 2011 02:12:53 GMT] ERROR worker 1 died
[Thu, 31 Mar 2011 02:12:53 GMT] INFO spawned worker 1
[Thu, 31 Mar 2011 02:13:35 GMT] INFO master started
[Thu, 31 Mar 2011 02:13:35 GMT] INFO spawned worker 0
[Thu, 31 Mar 2011 02:13:35 GMT] INFO spawned worker 1
[Thu, 31 Mar 2011 02:13:35 GMT] INFO spawned worker 2
[Thu, 31 Mar 2011 02:13:35 GMT] INFO spawned worker 3
[Thu, 31 Mar 2011 02:13:35 GMT] ERROR worker 2 died
[Thu, 31 Mar 2011 02:13:35 GMT] INFO spawned worker 2
[Thu, 31 Mar 2011 02:13:35 GMT] ERROR worker 1 died
[Thu, 31 Mar 2011 02:13:35 GMT] INFO spawned worker 1
[Thu, 31 Mar 2011 02:13:35 GMT] ERROR worker 0 died
[Thu, 31 Mar 2011 02:13:35 GMT] INFO spawned worker 0
[Thu, 31 Mar 2011 02:13:35 GMT] ERROR worker 3 died
[Thu, 31 Mar 2011 02:13:35 GMT] INFO spawned worker 3
[Thu, 31 Mar 2011 02:13:36 GMT] ERROR worker 0 died
[Thu, 31 Mar 2011 02:13:36 GMT] INFO spawned worker 0
[Thu, 31 Mar 2011 02:13:36 GMT] ERROR worker 3 died
[Thu, 31 Mar 2011 02:13:36 GMT] INFO spawned worker 3
[Thu, 31 Mar 2011 02:13:36 GMT] ERROR worker 2 died
[Thu, 31 Mar 2011 02:13:36 GMT] INFO spawned worker 2
[Thu, 31 Mar 2011 02:13:36 GMT] ERROR worker 1 died
[Thu, 31 Mar 2011 02:13:36 GMT] INFO spawned worker 1
[Thu, 31 Mar 2011 02:13:36 GMT] ERROR worker 2 died
[Thu, 31 Mar 2011 02:13:36 GMT] INFO spawned worker 2
[Thu, 31 Mar 2011 02:13:36 GMT] ERROR worker 3 died
[Thu, 31 Mar 2011 02:13:36 GMT] INFO spawned worker 3
[Thu, 31 Mar 2011 02:13:36 GMT] ERROR worker 0 died
[Thu, 31 Mar 2011 02:13:36 GMT] INFO spawned worker 0
[Thu, 31 Mar 2011 02:13:36 GMT] ERROR worker 1 died
[Thu, 31 Mar 2011 02:13:36 GMT] INFO spawned worker 1
[Thu, 31 Mar 2011 02:13:37 GMT] ERROR worker 3 died
[Thu, 31 Mar 2011 02:13:37 GMT] INFO spawned worker 3
[Thu, 31 Mar 2011 02:13:37 GMT] ERROR worker 2 died
[Thu, 31 Mar 2011 02:13:37 GMT] INFO spawned worker 2
[Thu, 31 Mar 2011 02:13:37 GMT] ERROR worker 0 died
[Thu, 31 Mar 2011 02:13:37 GMT] INFO spawned worker 0
[Thu, 31 Mar 2011 02:13:37 GMT] ERROR worker 1 died
[Thu, 31 Mar 2011 02:13:37 GMT] INFO spawned worker 1
[Thu, 31 Mar 2011 02:13:37 GMT] ERROR worker 3 died
[Thu, 31 Mar 2011 02:13:37 GMT] INFO spawned worker 3
[Thu, 31 Mar 2011 02:13:37 GMT] ERROR worker 2 died
[Thu, 31 Mar 2011 02:13:37 GMT] INFO spawned worker 2
[Thu, 31 Mar 2011 02:13:37 GMT] ERROR worker 0 died
[Thu, 31 Mar 2011 02:13:37 GMT] INFO spawned worker 0
[Thu, 31 Mar 2011 02:27:31 GMT] INFO master started
[Thu, 31 Mar 2011 02:27:31 GMT] INFO spawned worker 0
[Thu, 31 Mar 2011 02:27:31 GMT] INFO spawned worker 1
[Thu, 31 Mar 2011 02:27:31 GMT] INFO spawned worker 2
[Thu, 31 Mar 2011 02:27:31 GMT] INFO spawned worker 3
[Thu, 31 Mar 2011 02:27:31 GMT] ERROR worker 2 died
[Thu, 31 Mar 2011 02:27:31 GMT] INFO spawned worker 2
[Thu, 31 Mar 2011 02:27:31 GMT] ERROR worker 0 died
[Thu, 31 Mar 2011 02:27:31 GMT] INFO spawned worker 0
[Thu, 31 Mar 2011 02:27:31 GMT] ERROR worker 3 died
[Thu, 31 Mar 2011 02:27:31 GMT] INFO spawned worker 3
[Thu, 31 Mar 2011 02:27:31 GMT] ERROR worker 1 died
[Thu, 31 Mar 2011 02:27:31 GMT] INFO spawned worker 1
[Thu, 31 Mar 2011 02:27:32 GMT] ERROR worker 0 died
[Thu, 31 Mar 2011 02:27:32 GMT] INFO spawned worker 0
[Thu, 31 Mar 2011 02:27:32 GMT] ERROR worker 2 died
[Thu, 31 Mar 2011 02:27:32 GMT] INFO spawned worker 2
[Thu, 31 Mar 2011 02:27:32 GMT] ERROR worker 3 died
[Thu, 31 Mar 2011 02:27:32 GMT] INFO spawned worker 3
[Thu, 31 Mar 2011 02:27:32 GMT] ERROR worker 1 died
[Thu, 31 Mar 2011 02:27:32 GMT] INFO spawned worker 1
[Thu, 31 Mar 2011 02:27:32 GMT] ERROR worker 2 died
[Thu, 31 Mar 2011 02:27:32 GMT] INFO spawned worker 2
[Thu, 31 Mar 2011 02:27:32 GMT] ERROR worker 0 died
[Thu, 31 Mar 2011 02:27:32 GMT] INFO spawned worker 0
[Thu, 31 Mar 2011 02:27:32 GMT] ERROR worker 3 died
[Thu, 31 Mar 2011 02:27:32 GMT] INFO spawned worker 3
[Thu, 31 Mar 2011 02:27:32 GMT] ERROR worker 1 died
[Thu, 31 Mar 2011 02:27:32 GMT] INFO spawned worker 1
[Thu, 31 Mar 2011 02:27:33 GMT] ERROR worker 2 died
[Thu, 31 Mar 2011 02:27:33 GMT] INFO spawned worker 2
[Thu, 31 Mar 2011 02:27:33 GMT] ERROR worker 3 died
[Thu, 31 Mar 2011 02:27:33 GMT] INFO spawned worker 3
[Thu, 31 Mar 2011 02:27:33 GMT] ERROR worker 0 died
[Thu, 31 Mar 2011 02:27:33 GMT] INFO spawned worker 0
[Thu, 31 Mar 2011 02:27:33 GMT] ERROR worker 1 died
[Thu, 31 Mar 2011 02:27:33 GMT] INFO spawned worker 1
[Thu, 31 Mar 2011 02:27:34 GMT] ERROR worker 2 died
[Thu, 31 Mar 2011 02:27:34 GMT] INFO spawned worker 2
[Thu, 31 Mar 2011 02:27:34 GMT] ERROR worker 0 died
[Thu, 31 Mar 2011 02:27:34 GMT] INFO spawned worker 0
[Thu, 31 Mar 2011 02:27:34 GMT] ERROR worker 1 died
[Thu, 31 Mar 2011 02:27:34 GMT] INFO spawned worker 1
[Thu, 31 Mar 2011 02:28:00 GMT] INFO master started
[Thu, 31 Mar 2011 02:28:00 GMT] INFO spawned worker 0
[Thu, 31 Mar 2011 02:28:00 GMT] INFO spawned worker 1
[Thu, 31 Mar 2011 02:28:00 GMT] INFO spawned worker 2
[Thu, 31 Mar 2011 02:28:00 GMT] INFO spawned worker 3
[Thu, 31 Mar 2011 02:28:00 GMT] ERROR worker 1 died
[Thu, 31 Mar 2011 02:28:00 GMT] INFO spawned worker 1
[Thu, 31 Mar 2011 02:28:00 GMT] ERROR worker 0 died
[Thu, 31 Mar 2011 02:28:00 GMT] INFO spawned worker 0
[Thu, 31 Mar 2011 02:28:00 GMT] ERROR worker 2 died
[Thu, 31 Mar 2011 02:28:00 GMT] INFO spawned worker 2
[Thu, 31 Mar 2011 02:28:00 GMT] ERROR worker 3 died
[Thu, 31 Mar 2011 02:28:00 GMT] INFO spawned worker 3
[Thu, 31 Mar 2011 02:28:01 GMT] ERROR worker 1 died
[Thu, 31 Mar 2011 02:28:01 GMT] INFO spawned worker 1
[Thu, 31 Mar 2011 02:28:01 GMT] ERROR worker 0 died
[Thu, 31 Mar 2011 02:28:01 GMT] INFO spawned worker 0
[Thu, 31 Mar 2011 02:28:01 GMT] ERROR worker 3 died
[Thu, 31 Mar 2011 02:28:01 GMT] INFO spawned worker 3
[Thu, 31 Mar 2011 02:28:01 GMT] ERROR worker 2 died
[Thu, 31 Mar 2011 02:28:01 GMT] INFO spawned worker 2
[Thu, 31 Mar 2011 02:28:01 GMT] ERROR worker 0 died
[Thu, 31 Mar 2011 02:28:01 GMT] INFO spawned worker 0
[Thu, 31 Mar 2011 02:28:01 GMT] ERROR worker 1 died
[Thu, 31 Mar 2011 02:28:01 GMT] INFO spawned worker 1
[Thu, 31 Mar 2011 02:28:01 GMT] ERROR worker 3 died
[Thu, 31 Mar 2011 02:28:01 GMT] INFO spawned worker 3
[Thu, 31 Mar 2011 02:28:01 GMT] ERROR worker 2 died
[Thu, 31 Mar 2011 02:28:01 GMT] INFO spawned worker 2
[Thu, 31 Mar 2011 02:28:02 GMT] ERROR worker 0 died
[Thu, 31 Mar 2011 02:28:02 GMT] INFO spawned worker 0
[Thu, 31 Mar 2011 02:28:02 GMT] ERROR worker 2 died
[Thu, 31 Mar 2011 02:28:02 GMT] INFO spawned worker 2
[Thu, 31 Mar 2011 02:28:02 GMT] ERROR worker 3 died
[Thu, 31 Mar 2011 02:28:02 GMT] INFO spawned worker 3
[Thu, 31 Mar 2011 02:28:02 GMT] ERROR worker 1 died
[Thu, 31 Mar 2011 02:28:02 GMT] INFO spawned worker 1
[Thu, 31 Mar 2011 02:28:02 GMT] ERROR worker 0 died
[Thu, 31 Mar 2011 02:28:02 GMT] INFO spawned worker 0
[Thu, 31 Mar 2011 02:28:02 GMT] ERROR worker 3 died
[Thu, 31 Mar 2011 02:28:02 GMT] INFO spawned worker 3
[Thu, 31 Mar 2011 02:28:02 GMT] ERROR worker 2 died
[Thu, 31 Mar 2011 02:28:02 GMT] INFO spawned worker 2
[Thu, 31 Mar 2011 19:27:24 GMT] INFO master started
[Thu, 31 Mar 2011 19:27:24 GMT] INFO spawned worker 0
[Thu, 31 Mar 2011 19:27:24 GMT] INFO spawned worker 1
[Thu, 31 Mar 2011 19:27:24 GMT] INFO spawned worker 2
[Thu, 31 Mar 2011 19:27:24 GMT] INFO spawned worker 3
[Thu, 31 Mar 2011 22:01:28 GMT] WARNING shutting down master
[Thu, 31 Mar 2011 22:01:28 GMT] WARNING sent kill(SIGKILL) to all workers
[Thu, 31 Mar 2011 22:01:29 GMT] ERROR worker 0 died
[Thu, 31 Mar 2011 22:01:29 GMT] ERROR worker 1 died
[Thu, 31 Mar 2011 22:01:57 GMT] INFO master started
[Thu, 31 Mar 2011 22:01:57 GMT] INFO spawned worker 0
[Thu, 31 Mar 2011 22:01:57 GMT] INFO spawned worker 1
[Thu, 31 Mar 2011 22:01:57 GMT] INFO spawned worker 2
[Thu, 31 Mar 2011 22:01:57 GMT] INFO spawned worker 3
[Thu, 31 Mar 2011 22:02:01 GMT] WARNING shutting down master
